<?xml version="1.0" encoding="UTF-8"?>
<!-- Generated by org.testng.reporters.JUnitReportReporter -->
<testsuite hostname="LTIN407337" failures="0" tests="1" name="com.bdd_style.GetAllEmployees" time="1.426" errors="0" timestamp="2022-11-30T13:55:58 IST" skipped="0">
  <testcase classname="com.bdd_style.GetAllEmployees" name="getallemployees" time="1.426"/>
  <system-out/>
</testsuite> <!-- com.bdd_style.GetAllEmployees -->
