<?xml version="1.0" encoding="UTF-8"?>
<!-- Generated by org.testng.reporters.JUnitReportReporter -->
<testsuite hostname="LTIN407337" failures="0" tests="1" name="com.authentication.BasicAuth" time="5.788" errors="0" timestamp="2022-12-06T12:31:18 IST" skipped="0">
  <testcase classname="com.authentication.BasicAuth" name="basicauth" time="5.788"/>
  <system-out/>
</testsuite> <!-- com.authentication.BasicAuth -->
