<?xml version="1.0" encoding="UTF-8"?>
<!-- Generated by org.testng.reporters.JUnitReportReporter -->
<testsuite hostname="LTIN407337" failures="0" tests="3" name="com.authentication.APIkeyAuthExample" time="2.142" errors="0" timestamp="2022-12-06T13:51:33 IST" skipped="1">
  <testcase classname="com.authentication.APIkeyAuthExample" name="apikeysusingparams" time="0.377"/>
  <system-out/>
  <testcase classname="com.authentication.APIkeyAuthExample" name="apikeysusingheader" time="1.765"/>
  <system-out/>
  <testcase classname="com.authentication.APIkeyAuthExample" name="apikeyauth">
    <skipped/>
  </testcase> <!-- apikeyauth -->
  <system-out/>
</testsuite> <!-- com.authentication.APIkeyAuthExample -->
