<?xml version="1.0" encoding="UTF-8"?>
<!-- Generated by org.testng.reporters.JUnitReportReporter -->
<testsuite hostname="LTIN407337" failures="0" tests="1" name="com.json_path_with_Java.ReadingJsonDocument" time="0.055" errors="0" timestamp="2022-12-02T16:41:02 IST" skipped="0">
  <testcase classname="com.json_path_with_Java.ReadingJsonDocument" name="ReadingJson" time="0.055"/>
  <system-out/>
</testsuite> <!-- com.json_path_with_Java.ReadingJsonDocument -->
