<?xml version="1.0" encoding="UTF-8"?>
<!-- Generated by org.testng.reporters.JUnitReportReporter -->
<testsuite hostname="LTIN407337" failures="0" tests="2" name="com.interviewconcepts.RequestSpecificationExample" time="1.436" errors="0" timestamp="2022-12-06T11:41:49 IST" skipped="0">
  <testcase classname="com.interviewconcepts.RequestSpecificationExample" name="getSingleEmployee" time="1.157"/>
  <system-out/>
  <testcase classname="com.interviewconcepts.RequestSpecificationExample" name="getallemployeesBDD" time="0.279"/>
  <system-out/>
</testsuite> <!-- com.interviewconcepts.RequestSpecificationExample -->
