<?xml version="1.0" encoding="UTF-8"?>
<!-- Generated by org.testng.reporters.JUnitReportReporter -->
<testsuite hostname="LTIN407337" failures="0" tests="1" name="com.interviewconcepts.RequestSpecBuilderExample" time="2.617" errors="0" timestamp="2022-12-06T12:17:15 IST" skipped="0">
  <testcase classname="com.interviewconcepts.RequestSpecBuilderExample" name="ReqSpecBuilder" time="2.617"/>
  <system-out/>
</testsuite> <!-- com.interviewconcepts.RequestSpecBuilderExample -->
