<?xml version="1.0" encoding="UTF-8"?>
<!-- Generated by org.testng.reporters.JUnitReportReporter -->
<testsuite hostname="LTIN407337" failures="0" tests="1" name="com.authentication.OAuth2Example" time="1.770" errors="0" timestamp="2022-12-06T15:46:19 IST" skipped="0">
  <testcase classname="com.authentication.OAuth2Example" name="oautheg" time="1.770"/>
  <system-out/>
</testsuite> <!-- com.authentication.OAuth2Example -->
