<?xml version="1.0" encoding="UTF-8"?>
<!-- Generated by org.testng.reporters.JUnitReportReporter -->
<testsuite hostname="LTIN407337" failures="0" tests="1" name="com.validatingjsonschema.NetworkNTJsonSchemaValidation" time="0.214" errors="0" timestamp="2022-12-01T13:32:47 IST" skipped="0">
  <testcase classname="com.validatingjsonschema.NetworkNTJsonSchemaValidation" name="networkNTjsonSchemaValidator" time="0.214"/>
  <system-out/>
</testsuite> <!-- com.validatingjsonschema.NetworkNTJsonSchemaValidation -->
