<?xml version="1.0" encoding="UTF-8"?>
<!-- Generated by org.testng.reporters.JUnitReportReporter -->
<testsuite hostname="LTIN407337" failures="0" tests="1" name="com.addtionalconcepts.Serialization" time="2.622" errors="0" timestamp="2022-12-05T12:57:33 IST" skipped="0">
  <testcase classname="com.addtionalconcepts.Serialization" name="serialization" time="2.622"/>
  <system-out/>
</testsuite> <!-- com.addtionalconcepts.Serialization -->
