<?xml version="1.0" encoding="UTF-8"?>
<!-- Generated by org.testng.reporters.JUnitReportReporter -->
<testsuite hostname="LTIN407337" failures="0" tests="5" name="com.bdd_style.GetAllEmployeesBDD" time="2.135" errors="0" timestamp="2022-12-05T15:40:52 IST" skipped="4">
  <testcase classname="com.bdd_style.GetAllEmployeesBDD" name="getallemployeesBDD" time="2.135"/>
  <system-out/>
  <testcase classname="com.bdd_style.GetAllEmployeesBDD" name="createanemployeefromJSONfileBDD">
    <skipped/>
  </testcase> <!-- createanemployeefromJSONfileBDD -->
  <system-out/>
  <testcase classname="com.bdd_style.GetAllEmployeesBDD" name="createanemployeeBDD">
    <skipped/>
  </testcase> <!-- createanemployeeBDD -->
  <system-out/>
  <testcase classname="com.bdd_style.GetAllEmployeesBDD" name="updateanemployeeBDD">
    <skipped/>
  </testcase> <!-- updateanemployeeBDD -->
  <system-out/>
  <testcase classname="com.bdd_style.GetAllEmployeesBDD" name="deleteanemployeeBDD">
    <skipped/>
  </testcase> <!-- deleteanemployeeBDD -->
  <system-out/>
</testsuite> <!-- com.bdd_style.GetAllEmployeesBDD -->
