<?xml version="1.0" encoding="UTF-8"?>
<!-- Generated by org.testng.reporters.JUnitReportReporter -->
<testsuite hostname="LTIN407337" failures="0" tests="1" name="com.bdd_style.GetHeader" time="2.211" errors="0" timestamp="2022-12-20T12:56:28 IST" skipped="0">
  <testcase classname="com.bdd_style.GetHeader" name="getheader" time="2.211"/>
  <system-out/>
</testsuite> <!-- com.bdd_style.GetHeader -->
