<?xml version="1.0" encoding="UTF-8"?>
<!-- Generated by org.testng.reporters.JUnitReportReporter -->
<testsuite hostname="LTIN407337" failures="0" tests="5" name="com.nonbdd.GetAllEMployees" time="2.019" errors="0" timestamp="2022-11-30T12:22:33 IST" skipped="3">
  <testcase classname="com.nonbdd.GetAllEMployees" name="UpdateAnEmployee" time="1.781"/>
  <system-out/>
  <testcase classname="com.nonbdd.GetAllEMployees" name="getSingleEmployee" time="0.238"/>
  <system-out/>
  <testcase classname="com.nonbdd.GetAllEMployees" name="CreateAnemployee">
    <skipped/>
  </testcase> <!-- CreateAnemployee -->
  <system-out/>
  <testcase classname="com.nonbdd.GetAllEMployees" name="DeleteEmployee">
    <skipped/>
  </testcase> <!-- DeleteEmployee -->
  <system-out/>
  <testcase classname="com.nonbdd.GetAllEMployees" name="getallemployees">
    <skipped/>
  </testcase> <!-- getallemployees -->
  <system-out/>
</testsuite> <!-- com.nonbdd.GetAllEMployees -->
