<?xml version="1.0" encoding="UTF-8"?>
<!-- Generated by org.testng.reporters.JUnitReportReporter -->
<testsuite hostname="LTIN407337" failures="0" tests="1" name="com.validatingjsonschema.HamcrestMatcherJsonSchemaVAlidation" time="0.537" errors="0" timestamp="2022-12-20T13:07:26 IST" skipped="0">
  <testcase classname="com.validatingjsonschema.HamcrestMatcherJsonSchemaVAlidation" name="hamcrestmatcherjsonschemavalidator" time="0.537"/>
  <system-out/>
</testsuite> <!-- com.validatingjsonschema.HamcrestMatcherJsonSchemaVAlidation -->
