<?xml version="1.0" encoding="UTF-8"?>
<!-- Generated by org.testng.reporters.JUnitReportReporter -->
<testsuite hostname="LTIN407337" failures="0" tests="2" name="com.validatingjsonschema.RestAssuredJsonschemavalidation" time="2.879" errors="0" timestamp="2022-12-06T19:49:47 IST" skipped="1">
  <testcase classname="com.validatingjsonschema.RestAssuredJsonschemavalidation" name="jsonschemavalidationbyfile" time="2.879"/>
  <system-out/>
  <testcase classname="com.validatingjsonschema.RestAssuredJsonschemavalidation" name="JsonschemavalidationByclaspath">
    <skipped/>
  </testcase> <!-- JsonschemavalidationByclaspath -->
  <system-out/>
</testsuite> <!-- com.validatingjsonschema.RestAssuredJsonschemavalidation -->
