<?xml version="1.0" encoding="UTF-8"?>
<!-- Generated by org.testng.reporters.JUnitReportReporter -->
<testsuite hostname="LTIN407337" failures="0" tests="1" name="com.authentication.BearerTokenAuthenticationExample" time="1.888" errors="0" timestamp="2022-12-06T14:21:15 IST" skipped="0">
  <testcase classname="com.authentication.BearerTokenAuthenticationExample" name="bearertokenAuth" time="1.888"/>
  <system-out/>
</testsuite> <!-- com.authentication.BearerTokenAuthenticationExample -->
